DDR Version V1.13 20220218
In
ddrconfig:0
LPDDR4X, 324MHz
BW=32 Col=10 Bk=8 CS0 Row=16 CS=1 Die BW=16 Size=2048MB
tdqss: cs0 dqs0: -24ps, dqs1: -120ps, dqs2: -72ps, dqs3: -168ps,

change to: 324MHz
PHY drv:clk:36,ca:36,DQ:29,odt:0
vrefinner:24%, vrefout:41%
dram drv:40,odt:0
clk skew:0x63

change to: 528MHz
PHY drv:clk:36,ca:36,DQ:29,odt:0
vrefinner:24%, vrefout:41%
dram drv:40,odt:0
clk skew:0x58

change to: 780MHz
PHY drv:clk:36,ca:36,DQ:29,odt:0
vrefinner:24%, vrefout:41%
dram drv:40,odt:0
clk skew:0x58

change to: 1056MHz(final freq)
PHY drv:clk:36,ca:36,DQ:29,odt:60
vrefinner:16%, vrefout:22%
dram drv:40,odt:80
vref_ca:00000071
clk skew:0x3f
cs 0:
the read training result:
DQS0:0x3c, DQS1:0x35, DQS2:0x3e, DQS3:0x3d,
min  : 0xf  0xe 0x10  0xd  0x1  0x4  0x5  0x3 , 0x4  0x3  0x5  0x3  0x8  0x7  0x3  0x1 ,
      0x10 0x10  0xb  0xa  0x5  0x2  0x1  0x4 , 0xd  0x7  0x8  0x1 0x11 0x12  0xd 0x11 ,
mid  :0x2d 0x2c 0x2e 0x2a 0x1f 0x23 0x24 0x22 ,0x23 0x22 0x23 0x22 0x27 0x24 0x21 0x20 ,
      0x2e 0x2e 0x2a 0x29 0x24 0x21 0x1f 0x22 ,0x2b 0x26 0x26 0x1f 0x30 0x30 0x2b 0x2f ,
max  :0x4c 0x4b 0x4c 0x48 0x3d 0x42 0x43 0x41 ,0x43 0x41 0x42 0x42 0x47 0x42 0x40 0x3f ,
      0x4d 0x4d 0x49 0x49 0x44 0x41 0x3e 0x41 ,0x49 0x45 0x45 0x3d 0x50 0x4f 0x4a 0x4d ,
range:0x3d 0x3d 0x3c 0x3b 0x3c 0x3e 0x3e 0x3e ,0x3f 0x3e 0x3d 0x3f 0x3f 0x3b 0x3d 0x3e ,
      0x3d 0x3d 0x3e 0x3f 0x3f 0x3f 0x3d 0x3d ,0x3c 0x3e 0x3d 0x3c 0x3f 0x3d 0x3d 0x3c ,
the write training result:
DQS0:0x3c, DQS1:0x2f, DQS2:0x36, DQS3:0x29,
min  :0x5c 0x5f 0x5d 0x5c 0x50 0x54 0x55 0x56 0x57 ,0x51 0x50 0x53 0x51 0x54 0x53 0x50 0x4e 0x4e ,
      0x58 0x58 0x56 0x55 0x50 0x4f 0x4c 0x4f 0x4e ,0x48 0x45 0x45 0x3e 0x4e 0x4e 0x48 0x4e 0x45 ,
mid  :0x79 0x7a 0x79 0x79 0x6c 0x6f 0x71 0x72 0x72 ,0x6c 0x6b 0x6d 0x6c 0x6f 0x6d 0x6b 0x6a 0x6a ,
      0x74 0x73 0x71 0x70 0x6b 0x69 0x67 0x69 0x6a ,0x65 0x60 0x5f 0x5a 0x6a 0x6a 0x64 0x6a 0x5f ,
max  :0x96 0x96 0x96 0x96 0x88 0x8b 0x8d 0x8e 0x8d ,0x88 0x86 0x88 0x87 0x8b 0x88 0x86 0x86 0x86 ,
      0x90 0x8f 0x8c 0x8c 0x86 0x84 0x82 0x84 0x86 ,0x82 0x7b 0x79 0x76 0x87 0x87 0x80 0x87 0x7a ,
range:0x3a 0x37 0x39 0x3a 0x38 0x37 0x38 0x38 0x36 ,0x37 0x36 0x35 0x36 0x37 0x35 0x36 0x38 0x38 ,
      0x38 0x37 0x36 0x37 0x36 0x35 0x36 0x35 0x38 ,0x3a 0x36 0x34 0x38 0x39 0x39 0x38 0x39 0x35 ,
CA Training result:
cs:0 min  :0x4e 0x46 0x49 0x40 0x47 0x3e 0x48 ,0x49 0x43 0x47 0x3e 0x47 0x39 0x45 ,
cs:0 mid  :0x89 0x89 0x84 0x83 0x81 0x81 0x72 ,0x84 0x85 0x81 0x7f 0x81 0x7c 0x70 ,
cs:0 max  :0xc4 0xcd 0xbf 0xc6 0xbb 0xc4 0x9d ,0xbf 0xc7 0xbb 0xc1 0xbb 0xc0 0x9b ,
cs:0 range:0x76 0x87 0x76 0x86 0x74 0x86 0x55 ,0x76 0x84 0x74 0x83 0x74 0x87 0x56 ,
out
U-Boot SPL board init
U-Boot SPL 2017.09-gaaca6ffec1-211203 #zzz (Dec 03 2021 - 18:42:16)
unknown raw ID phN
unrecognized JEDEC id bytes: 00, 00, 00
Trying to boot from MMC2
part_get_info_efi: *** ERROR: Invalid GPT ***
part_get_info_efi: *** ERROR: Invalid Backup GPT ***
part_get_info_efi: *** ERROR: Invalid GPT ***
part_get_info_efi: *** ERROR: Invalid Backup GPT ***
No misc partition
part_get_info_efi: *** ERROR: Invalid GPT ***
part_get_info_efi: *** ERROR: Invalid Backup GPT ***
part_get_info_efi: *** ERROR: Invalid GPT ***
part_get_info_efi: *** ERROR: Invalid Backup GPT ***
spl: partition error
Trying fit image at 0x4000 sector
## Verified-boot: 0
## Checking uboot 0x00a00000 ... OK
## Checking fdt_1 0x00a8f4c8 ... OK
"Synchronous Abort" handler, esr 0x96000010
ELR:     8ce4
LR:      491c
ESR:     96000010 (ec=37)
x 0: 0000000001016a4d x 1: 0000000080000005
x 2: ffffffffffffffff x 3: 0000000000000038
x 4: 0000000000000234 x 5: 00000000000001c4
x 6: 000000000000018c x 7: 0000000000000002
x 8: 0000000000000188 x 9: 000000000000000c
x10: 0000000003f5f96c x11: 00000000009ff9c0
x12: 000000000000018c x13: 0000000003f5f97c
x14: 00000000009ff9c0 x15: 0000000000000004
x16: 000000000000000c x17: 0000000000000001
x18: 0000000003f5fe40 x19: 0000000000000000
x20: 0000000000a8f4c8 x21: 0000000003f5fdf0
x22: 000000000000304f x23: 0000000003f5fc78
x24: 0000000000004000 x25: 0000000000000400
x26: 000000000000005c x27: 0000000000000000
x28: 00000000009fffc0 x29: 0000000003f5fa40


Call trace:
  PC:   [< 00008ce4 >]
  LR:   [< 0000491c >]

Stack:
        [< 00008ce4 >]

Copy info from "Call trace..." to a file(eg. dump.txt), and run
command in your U-Boot project: ./scripts/stacktrace.sh dump.txt spl

Resetting CPU ...

### ERROR ### Please RESET the board ###
# Reset the board to bootrom #

