DDR Version V1.13 20220218
In
ddrconfig:0
LPDDR4X, 324MHz
BW=32 Col=10 Bk=8 CS0 Row=16 CS=1 Die BW=16 Size=2048MB
tdqss: cs0 dqs0: -24ps, dqs1: -120ps, dqs2: -72ps, dqs3: -168ps,

change to: 324MHz
PHY drv:clk:36,ca:36,DQ:29,odt:0
vrefinner:24%, vrefout:41%
dram drv:40,odt:0
clk skew:0x63

change to: 528MHz
PHY drv:clk:36,ca:36,DQ:29,odt:0
vrefinner:24%, vrefout:41%
dram drv:40,odt:0
clk skew:0x58

change to: 780MHz
PHY drv:clk:36,ca:36,DQ:29,odt:0
vrefinner:24%, vrefout:41%
dram drv:40,odt:0
clk skew:0x58

change to: 1056MHz(final freq)
PHY drv:clk:36,ca:36,DQ:29,odt:60
vrefinner:16%, vrefout:22%
dram drv:40,odt:80
vref_ca:00000071
clk skew:0x3f
cs 0:
the read training result:
DQS0:0x3c, DQS1:0x35, DQS2:0x3e, DQS3:0x3d,
min  : 0xf  0xe 0x10  0xd  0x1  0x4  0x6  0x3 , 0x4  0x3  0x5  0x3  0x8  0x7  0x2  0x1 ,
      0x10 0x10  0xb  0xa  0x5  0x3  0x1  0x4 , 0xd  0x7  0x8  0x1 0x11 0x12  0xe 0x11 ,
mid  :0x2d 0x2c 0x2e 0x2a 0x1f 0x23 0x24 0x22 ,0x23 0x22 0x23 0x22 0x27 0x25 0x21 0x20 ,
      0x2e 0x2e 0x2a 0x29 0x24 0x22 0x1f 0x22 ,0x2b 0x26 0x26 0x1f 0x30 0x30 0x2c 0x2f ,
max  :0x4c 0x4b 0x4c 0x48 0x3d 0x42 0x43 0x41 ,0x43 0x41 0x42 0x42 0x47 0x43 0x40 0x3f ,
      0x4d 0x4d 0x49 0x49 0x44 0x41 0x3e 0x41 ,0x49 0x45 0x45 0x3d 0x50 0x4f 0x4a 0x4d ,
range:0x3d 0x3d 0x3c 0x3b 0x3c 0x3e 0x3d 0x3e ,0x3f 0x3e 0x3d 0x3f 0x3f 0x3c 0x3e 0x3e ,
      0x3d 0x3d 0x3e 0x3f 0x3f 0x3e 0x3d 0x3d ,0x3c 0x3e 0x3d 0x3c 0x3f 0x3d 0x3c 0x3c ,
the write training result:
DQS0:0x3c, DQS1:0x2f, DQS2:0x36, DQS3:0x29,
min  :0x5c 0x5f 0x5d 0x5c 0x50 0x54 0x55 0x56 0x57 ,0x51 0x50 0x52 0x51 0x54 0x53 0x50 0x4e 0x4e ,
      0x58 0x58 0x56 0x56 0x50 0x4f 0x4c 0x4f 0x4e ,0x48 0x45 0x45 0x3e 0x4d 0x4e 0x47 0x4e 0x45 ,
mid  :0x79 0x7b 0x79 0x79 0x6b 0x6f 0x71 0x71 0x72 ,0x6c 0x6b 0x6d 0x6c 0x6f 0x6d 0x6b 0x6a 0x6a ,
      0x74 0x73 0x71 0x71 0x6b 0x69 0x67 0x69 0x6a ,0x65 0x60 0x5f 0x5a 0x6a 0x6a 0x63 0x6a 0x5f ,
max  :0x96 0x97 0x96 0x96 0x87 0x8b 0x8d 0x8d 0x8d ,0x88 0x86 0x88 0x88 0x8b 0x88 0x86 0x86 0x86 ,
      0x90 0x8f 0x8c 0x8c 0x86 0x84 0x82 0x84 0x86 ,0x82 0x7b 0x79 0x76 0x87 0x87 0x80 0x87 0x7a ,
range:0x3a 0x38 0x39 0x3a 0x37 0x37 0x38 0x37 0x36 ,0x37 0x36 0x36 0x37 0x37 0x35 0x36 0x38 0x38 ,
      0x38 0x37 0x36 0x36 0x36 0x35 0x36 0x35 0x38 ,0x3a 0x36 0x34 0x38 0x3a 0x39 0x39 0x39 0x35 ,
CA Training result:
cs:0 min  :0x4e 0x46 0x4a 0x40 0x47 0x3e 0x48 ,0x49 0x43 0x47 0x3e 0x47 0x39 0x45 ,
cs:0 mid  :0x89 0x89 0x84 0x83 0x81 0x81 0x72 ,0x84 0x85 0x81 0x7f 0x81 0x7c 0x6f ,
cs:0 max  :0xc4 0xcd 0xbf 0xc6 0xbb 0xc4 0x9d ,0xbf 0xc7 0xbb 0xc1 0xbb 0xc0 0x9a ,
cs:0 range:0x76 0x87 0x75 0x86 0x74 0x86 0x55 ,0x76 0x84 0x74 0x83 0x74 0x87 0x55 ,
out
U-Boot SPL board init
U-Boot SPL 2017.09-gaaca6ffec1-211203 #zzz (Dec 03 2021 - 18:42:16)
unknown raw ID phN
unrecognized JEDEC id bytes: 00, 00, 00
Trying to boot from MMC2
MMC error: The cmd index is 1, ret is -110
Card did not respond to voltage select!
mmc_init: -95, time 10
spl: mmc init failed with error: -95
Trying to boot from MMC1
No misc partition
Trying fit image at 0x4000 sector
## Verified-boot: 0
## Checking atf-1 0x00040000 ... sha256(6204b6f381...) + OK
## Checking uboot 0x00a00000 ... sha256(70004b86d2...) + OK
## Checking fdt 0x00b3c3a8 ... sha256(fcfda359c0...) + OK
## Checking atf-2 0xfdcc1000 ... sha256(5563d929da...) + OK
## Checking atf-3 0x0006a000 ... sha256(b04372ab0f...) + OK
## Checking atf-4 0xfdcd0000 ... sha256(b46eaa95b8...) + OK
## Checking atf-5 0xfdcce000 ... sha256(2f8839c803...) + OK
## Checking atf-6 0x00068000 ... sha256(6e9d32ba23...) + OK
## Checking optee 0x08400000 ... sha256(66bbd17352...) + OK
Jumping to U-Boot(0x00a00000) via ARM Trusted Firmware(0x00040000)
Total: 228.726 ms

INFO:    Preloader serial: 2
NOTICE:  BL31: v2.3():v2.3-365-gae7c295ca:derrick.huang
NOTICE:  BL31: Built : 15:37:13, May 17 2022
INFO:    GICv3 without legacy support detected.
INFO:    ARM GICv3 driver initialized in EL3
INFO:    pmu v1 is valid 220114
INFO:    dfs DDR fsp_param[0].freq_mhz= 1056MHz
INFO:    dfs DDR fsp_param[1].freq_mhz= 324MHz
INFO:    dfs DDR fsp_param[2].freq_mhz= 528MHz
INFO:    dfs DDR fsp_param[3].freq_mhz= 780MHz
INFO:    Using opteed sec cpu_context!
INFO:    boot cpu mask: 0
INFO:    BL31: Initializing runtime services
INFO:    BL31: Initializing BL32
I/TC:
I/TC: OP-TEE version: 3.13.0-641-g4167319d3 #hisping.lin (gcc version 10.2.1 20201103 (GNU Toolchain for the A-profile Architecture 10.2-2020.11 (arm-10.16))) #8 Wed Mar 16 15:14:56 CST 2022 aarch64
I/TC: Primary CPU initializing
I/TC: Primary CPU switching to normal world boot
INFO:    BL31: Preparing for EL3 exit to normal world
INFO:    Entry point address = 0xa00000
INFO:    SPSR = 0x3c9


U-Boot 2017.09-gf403aeeed3-220621 #jiawen (Dec 07 2022 - 15:32:38 +0800)

ADC Channel:2 reading_value: 686, CH_ID: 0x04
ADC Channel:3 reading_value: 185, CH_ID: 0x00
Board Version: Board_ID 0x0400
Board: LubanCat2
PreSerial: 2, raw, 0xfe660000
DRAM:  2 GiB
Sysmem: init
Relocation Offset: 7d33a000
Relocation fdt: 7b9f9080 - 7b9fecd8
CR: M/C/I
Using default environment

dwmmc@fe2b0000: 1, dwmmc@fe2c0000: 2, sdhci@fe310000: 0
Bootdev(atags): mmc 0
MMC0: HS200, 200Mhz
PartType: EFI
DM: v1
No misc partition
boot mode: None
159668 bytes read in 7 ms (21.8 MiB/s)
DTB(Distro): rk-kernel.dtb
I2c0 speed: 100000Hz
vsel-gpios- not found! Error: -2
vdd_cpu 1025000 uV
PMIC:  RK8090 (on=0x40, off=0x00)
vdd_logic init 900000 uV
vdd_gpu init 900000 uV
vdd_npu init 900000 uV
io-domain: OK
Could not find baseparameter partition
Board Version: Board_ID 0x0400
Board: LubanCat2
No resource partition
No file: logo.bmp
512 bytes read in 3 ms (166 KiB/s)
logo(Distro): logo.bmp
1215954 bytes read in 35 ms (33.1 MiB/s)
logo(Distro): logo.bmp
Rockchip UBOOT DRM driver version: v1.0.1
VOP have 1 active VP
vp0 have layer nr:6[0 2 4 1 3 5 ], primary plane: 4
vp1 have layer nr:0[], primary plane: 0
vp2 have layer nr:0[], primary plane: 0
hdmi@fe0a0000 disconnected
CLK: (sync kernel. arm: enter 816000 KHz, init 816000 KHz, kernel 0N/A)
  apll 1416000 KHz
  dpll 528000 KHz
  gpll 1188000 KHz
  cpll 1000000 KHz
  npll 1200000 KHz
  vpll 24000 KHz
  hpll 24000 KHz
  ppll 200000 KHz
  armclk 1416000 KHz
  aclk_bus 150000 KHz
  pclk_bus 100000 KHz
  aclk_top_high 500000 KHz
  aclk_top_low 400000 KHz
  hclk_top 150000 KHz
  pclk_top 100000 KHz
  aclk_perimid 300000 KHz
  hclk_perimid 150000 KHz
  pclk_pmu 100000 KHz
No misc partition
Net:   eth0: ethernet@fe2a0000, eth1: ethernet@fe010000
Hit key to stop autoboot('CTRL+C'):  0
Could not find misc partition
ANDROID: reboot reason: "(none)"
optee api revision: 2.0
TEEC: Waring: Could not find security partition
Not AVB images, AVB skip
No valid android hdr
Android image load failed
Android boot failed, error -1.
## Booting FIT Image FIT: No fit blob
FIT: No FIT image
Could not find misc partition

## Booting Rockchip Format Image
Could not find kernel partition, ret=-1
Card did not respond to voltage select!
mmc_init: -95, time 9
switch to partitions #0, OK
mmc0(part 0) is current device
Scanning mmc 0:2...
run loaduEnv ...
load mmc 0:2 0x0a400000 /uEnv/uEnvLubanCat2.txt ...
611 bytes read in 3 ms (198.2 KiB/s)
Importing environment from mmc ...
loading mmc 0:2 0x00280000 /Image-4.19.232 ...
32802824 bytes read in 183 ms (170.9 MiB/s)
no serch , loading default rk-kernel.dtb
159668 bytes read in 6 ms (25.4 MiB/s)
DTOVERLAY[debug]: param no:5  0x0a100000  0x0a200000 /uEnv/uEnv.txt 0x0a400000

debug: [mmc 0:2] ...
debug: [booti] ...
Fdt Ramdisk skip relocation
No misc partition
## Flattened Device Tree blob at 0x0a100000
   Booting using the fdt blob at 0x0a100000
   reserving fdt memory region: addr=a100000 size=58000
  'reserved-memory' ramoops@110000: addr=110000 size=f0000
  'reserved-memory' abc@80900000: addr=80900000 size=100000
   Using Device Tree in place at 000000000a100000, end 000000000a15afff
No resource partition
No file: logo_kernel.bmp
512 bytes read in 3 ms (166 KiB/s)
logo(Distro): logo.bmp
1215954 bytes read in 34 ms (34.1 MiB/s)
logo(Distro): logo.bmp
vp0, plane_mask:0x3f, primary-id:4, curser-id:-1
vp1, plane_mask:0x0, primary-id:0, curser-id:-1
vp2, plane_mask:0x0, primary-id:0, curser-id:-1
Adding bank: 0x00200000 - 0x08400000 (size: 0x08200000)
Adding bank: 0x09400000 - 0x80000000 (size: 0x76c00000)
Total: 739.968 ms

